<?xml version="1.0" encoding="UTF-8"?>
<testng-results skipped="0" failed="0" ignored="0" total="1" passed="1">
  <reporter-output>
  </reporter-output>
  <suite name="Command line suite" duration-ms="7" started-at="2019-08-10T09:00:26Z" finished-at="2019-08-10T09:00:26Z">
    <groups>
    </groups>
    <test name="Command line test" duration-ms="7" started-at="2019-08-10T09:00:26Z" finished-at="2019-08-10T09:00:26Z">
      <class name="my_qa4.my_qa4.AppTest">
        <test-method status="PASS" signature="testApp()[pri:0, instance:testApp(my_qa4.my_qa4.AppTest)]" name="testApp" duration-ms="1" started-at="2019-08-10T09:00:26Z" finished-at="2019-08-10T09:00:26Z">
          <reporter-output>
          </reporter-output>
        </test-method> <!-- testApp -->
      </class> <!-- my_qa4.my_qa4.AppTest -->
    </test> <!-- Command line test -->
  </suite> <!-- Command line suite -->
</testng-results>
